<?xml version="1.0" encoding="UTF-8"?>
<!-- Generated by org.testng.reporters.JUnitReportReporter -->
<testsuite hostname="LAPTOP-6UU6T67A" failures="0" tests="1" name="TestScripts.ActiTimePortal" time="16.217" errors="0" timestamp="2023-04-25T18:18:37 IST" skipped="0">
  <testcase classname="TestScripts.ActiTimePortal" name="loginportal" time="16.217"/>
  <system-out/>
</testsuite> <!-- TestScripts.ActiTimePortal -->
