<?xml version="1.0" encoding="UTF-8"?>
<!-- Generated by org.testng.reporters.JUnitReportReporter -->
<testsuite hostname="LAPTOP-6UU6T67A" failures="0" tests="1" name="TestScripts.ActiTimePortal" time="13.661" errors="0" timestamp="2023-04-24T17:46:16 IST" skipped="0">
  <testcase classname="TestScripts.ActiTimePortal" name="loginportal" time="13.661"/>
  <system-out/>
</testsuite> <!-- TestScripts.ActiTimePortal -->
